<?xml version="1.0" encoding="UTF-8"?>
<!-- Generated by org.testng.reporters.JUnitReportReporter -->
<testsuite hostname="DESKTOP-RH03703" failures="0" tests="1" name="sample.Demo2" time="0.012" errors="0" timestamp="2023-04-13T15:17:55 GST" skipped="0">
  <testcase classname="sample.Demo2" name="demo" time="0.012"/>
  <system-out/>
</testsuite> <!-- sample.Demo2 -->
